<?xml version="1.0" encoding="UTF-8"?>
<!-- Generated by org.testng.reporters.JUnitReportReporter -->
<testsuite hostname="DESKTOP-2F3S0DP" failures="0" tests="1" name="session4.HW3" time="8.236" errors="0" timestamp="2022-06-22T11:41:04 CDT" skipped="0">
  <testcase classname="session4.HW3" name="loginAndAddContact" time="8.236"/>
  <system-out/>
</testsuite> <!-- session4.HW3 -->
